==================== 2026-02-12T09:05:32.796475Z | 69fd252b-5334-492f-b3b8-647bdad7cf76 ====================
09:05:32.796516 [info ]: Starting dbt LSP server
09:05:32.796532 [info ]: Connecting to LSP client on port 42971
09:05:32.796701 [info ]: Successfully connected to LSP client
09:05:32.796709 [info ]: Creating LSP service...
09:05:32.847874 [info ]: Creating LSP server...
09:05:32.847908 [info ]: Starting LSP server...
09:05:33.476857 [info ]: Started loading project
09:05:33.476968 [info ]: Finished loading project [  0.00s]
==================== 2026-02-12T09:13:13.890619Z | 901c12ec-f6a2-48c3-8e34-1c65cc8c83c1 ====================
09:13:13.890662 [info ]: Starting dbt LSP server
09:13:13.890676 [info ]: Connecting to LSP client on port 44173
09:13:13.890909 [info ]: Successfully connected to LSP client
09:13:13.890917 [info ]: Creating LSP service...
09:13:13.941474 [info ]: Creating LSP server...
09:13:13.941508 [info ]: Starting LSP server...
09:13:14.843262 [info ]: Started loading project
09:13:14.843359 [info ]: Finished loading project [  0.00s]
==================== 2026-02-12T09:13:32.906175Z | db98c1fd-5793-4702-97b5-02f8652d6f01 ====================
09:13:32.906221 [info ]: Starting dbt LSP server
09:13:32.906234 [info ]: Connecting to LSP client on port 49449
09:13:32.906401 [info ]: Successfully connected to LSP client
09:13:32.906408 [info ]: Creating LSP service...
09:13:32.955639 [info ]: Creating LSP server...
09:13:32.955666 [info ]: Starting LSP server...
09:13:33.613346 [info ]: Started loading project
09:13:33.613447 [info ]: Finished loading project [  0.00s]
==================== 2026-02-12T09:18:55.163684Z | e5abb90e-7b5a-4984-9cb6-389305ccefc1 ====================
09:18:55.163738 [info ]: Starting dbt LSP server
09:18:55.163756 [info ]: Connecting to LSP client on port 44885
09:18:55.163927 [info ]: Successfully connected to LSP client
09:18:55.163934 [info ]: Creating LSP service...
09:18:55.216810 [info ]: Creating LSP server...
09:18:55.216841 [info ]: Starting LSP server...
09:18:55.855272 [info ]: Started loading project
09:18:55.855360 [info ]: Finished loading project [  0.00s]
==================== 2026-02-12T09:20:29.062278Z | 18333cf6-b0b6-47f0-937e-921b6a0b9a7c ====================
09:20:29.062327 [info ]: Starting dbt LSP server
09:20:29.062342 [info ]: Connecting to LSP client on port 37893
09:20:29.062509 [info ]: Successfully connected to LSP client
09:20:29.062516 [info ]: Creating LSP service...
09:20:29.112750 [info ]: Creating LSP server...
09:20:29.112783 [info ]: Starting LSP server...
09:20:29.995730 [info ]: Started loading project
09:20:29.995837 [info ]: Finished loading project [  0.00s]
==================== 2026-02-12T09:22:28.264915Z | 30860cc9-bbcd-471d-8f89-60964e68c9f6 ====================
09:22:28.264956 [info ]: Starting dbt LSP server
09:22:28.264970 [info ]: Connecting to LSP client on port 43049
09:22:28.265153 [info ]: Successfully connected to LSP client
09:22:28.265162 [info ]: Creating LSP service...
09:22:28.316273 [info ]: Creating LSP server...
09:22:28.316301 [info ]: Starting LSP server...
09:22:29.489658 [info ]: Started loading project
09:22:29.489754 [info ]: Finished loading project [  0.00s]
==================== 2026-02-12T09:24:12.512266Z | 68437e81-b954-42f2-9ba9-eb66d775bcca ====================
09:24:12.512309 [info ]: Starting dbt LSP server
09:24:12.512325 [info ]: Connecting to LSP client on port 39519
09:24:12.512526 [info ]: Successfully connected to LSP client
09:24:12.512533 [info ]: Creating LSP service...
09:24:12.565018 [info ]: Creating LSP server...
09:24:12.565050 [info ]: Starting LSP server...
09:24:13.471889 [info ]: Started loading project
09:24:13.471993 [info ]: Finished loading project [  0.00s]
==================== 2026-02-12T09:26:03.410165Z | 8dc9837d-9097-4d10-a4b4-b25eb77dcc58 ====================
09:26:03.410207 [info ]: Starting dbt LSP server
09:26:03.410224 [info ]: Connecting to LSP client on port 36471
09:26:03.410390 [info ]: Successfully connected to LSP client
09:26:03.410398 [info ]: Creating LSP service...
09:26:03.459397 [info ]: Creating LSP server...
09:26:03.459422 [info ]: Starting LSP server...
09:26:04.209603 [info ]: Started loading project
09:26:04.209697 [info ]: Finished loading project [  0.00s]
==================== 2026-02-12T09:26:39.178730Z | af620d81-a833-4687-ab03-bf6a2080565c ====================
09:26:39.178822 [info ]: Starting dbt LSP server
09:26:39.178835 [info ]: Connecting to LSP client on port 39543
09:26:39.179025 [info ]: Successfully connected to LSP client
09:26:39.179033 [info ]: Creating LSP service...
09:26:39.229591 [info ]: Creating LSP server...
09:26:39.229620 [info ]: Starting LSP server...
09:26:40.000029 [info ]: Started loading project
09:26:40.000146 [info ]: Finished loading project [  0.00s]
